<?xml version="1.0" encoding="UTF-8"?>
<!-- Generated by org.testng.reporters.JUnitXMLReporter -->
<testsuite ignored="0" hostname="Srikanth" failures="1" tests="3" name="Test" time="26.122" errors="0" timestamp="2025-01-30T12:47:08 IST">
  <testcase classname="com.EcommerceProject.Qa.TestCases.RegisterAccount" name="verifyRegisterProvidingOnlyMandotoryFields" time="4.238"/>
  <testcase classname="com.EcommerceProject.Qa.TestCases.RegisterAccount" name="verifyRegisterProvidingDifferentpasswords" time="2.08"/>
  <testcase classname="com.EcommerceProject.Qa.TestCases.RegisterAccount" name="verfiyRegisterAccountWithoutProvidingAnyDetails" time="0.791">
    <failure type="java.lang.AssertionError" message="expected [true] but found [false]">
      <![CDATA[java.lang.AssertionError: expected [true] but found [false]
at com.EcommerceProject.Qa.TestCases.RegisterAccount.verfiyRegisterAccountWithoutProvidingAnyDetails(RegisterAccount.java:90)
at java.base/java.util.ArrayList.forEach(ArrayList.java:1511)
... Removed 35 stack frames]]>
    </failure>
  </testcase> <!-- verfiyRegisterAccountWithoutProvidingAnyDetails -->
</testsuite> <!-- Test -->
