<?xml version="1.0" encoding="UTF-8"?>
<testng-results ignored="0" total="3" passed="2" failed="1" skipped="0">
  <reporter-output>
  </reporter-output>
  <suite started-at="2025-01-30T12:46:39 IST" name="Suite" finished-at="2025-01-30T12:47:05 IST" duration-ms="26122">
    <groups>
    </groups>
    <test started-at="2025-01-30T12:46:39 IST" name="Test" finished-at="2025-01-30T12:47:05 IST" duration-ms="26122">
      <class name="com.EcommerceProject.Qa.TestCases.RegisterAccount">
        <test-method is-config="true" signature="setup()[pri:0, instance:com.EcommerceProject.Qa.TestCases.RegisterAccount@393671df]" started-at="2025-01-30T12:46:39 IST" name="setup" finished-at="2025-01-30T12:46:45 IST" duration-ms="5926" status="PASS">
          <reporter-output>
          </reporter-output>
        </test-method> <!-- setup -->
        <test-method signature="verifyRegisterProvidingOnlyMandotoryFields()[pri:1, instance:com.EcommerceProject.Qa.TestCases.RegisterAccount@393671df]" started-at="2025-01-30T12:46:45 IST" name="verifyRegisterProvidingOnlyMandotoryFields" finished-at="2025-01-30T12:46:49 IST" duration-ms="4238" status="PASS">
          <reporter-output>
          </reporter-output>
        </test-method> <!-- verifyRegisterProvidingOnlyMandotoryFields -->
        <test-method is-config="true" signature="tearDown()[pri:0, instance:com.EcommerceProject.Qa.TestCases.RegisterAccount@393671df]" started-at="2025-01-30T12:46:49 IST" name="tearDown" finished-at="2025-01-30T12:46:51 IST" duration-ms="1502" status="PASS">
          <reporter-output>
          </reporter-output>
        </test-method> <!-- tearDown -->
        <test-method is-config="true" signature="setup()[pri:0, instance:com.EcommerceProject.Qa.TestCases.RegisterAccount@393671df]" started-at="2025-01-30T12:46:51 IST" name="setup" finished-at="2025-01-30T12:46:55 IST" duration-ms="4218" status="PASS">
          <reporter-output>
          </reporter-output>
        </test-method> <!-- setup -->
        <test-method signature="verifyRegisterProvidingDifferentpasswords()[pri:2, instance:com.EcommerceProject.Qa.TestCases.RegisterAccount@393671df]" started-at="2025-01-30T12:46:55 IST" name="verifyRegisterProvidingDifferentpasswords" finished-at="2025-01-30T12:46:57 IST" duration-ms="2080" status="PASS">
          <reporter-output>
          </reporter-output>
        </test-method> <!-- verifyRegisterProvidingDifferentpasswords -->
        <test-method is-config="true" signature="tearDown()[pri:0, instance:com.EcommerceProject.Qa.TestCases.RegisterAccount@393671df]" started-at="2025-01-30T12:46:57 IST" name="tearDown" finished-at="2025-01-30T12:46:59 IST" duration-ms="1553" status="PASS">
          <reporter-output>
          </reporter-output>
        </test-method> <!-- tearDown -->
        <test-method is-config="true" signature="setup()[pri:0, instance:com.EcommerceProject.Qa.TestCases.RegisterAccount@393671df]" started-at="2025-01-30T12:46:59 IST" name="setup" finished-at="2025-01-30T12:47:02 IST" duration-ms="3668" status="PASS">
          <reporter-output>
          </reporter-output>
        </test-method> <!-- setup -->
        <test-method signature="verfiyRegisterAccountWithoutProvidingAnyDetails()[pri:3, instance:com.EcommerceProject.Qa.TestCases.RegisterAccount@393671df]" started-at="2025-01-30T12:47:02 IST" name="verfiyRegisterAccountWithoutProvidingAnyDetails" finished-at="2025-01-30T12:47:03 IST" duration-ms="791" status="FAIL">
          <exception class="java.lang.AssertionError">
            <message>
              <![CDATA[expected [true] but found [false]]]>
            </message>
            <full-stacktrace>
              <![CDATA[java.lang.AssertionError: expected [true] but found [false]
at org.testng.Assert.fail(Assert.java:111)
at org.testng.Assert.failNotEquals(Assert.java:1578)
at org.testng.Assert.assertTrue(Assert.java:57)
at org.testng.Assert.assertTrue(Assert.java:67)
at com.EcommerceProject.Qa.TestCases.RegisterAccount.verfiyRegisterAccountWithoutProvidingAnyDetails(RegisterAccount.java:90)
at java.base/jdk.internal.reflect.NativeMethodAccessorImpl.invoke0(Native Method)
at java.base/jdk.internal.reflect.NativeMethodAccessorImpl.invoke(NativeMethodAccessorImpl.java:77)
at java.base/jdk.internal.reflect.DelegatingMethodAccessorImpl.invoke(DelegatingMethodAccessorImpl.java:43)
at java.base/java.lang.reflect.Method.invoke(Method.java:568)
at org.testng.internal.invokers.MethodInvocationHelper.invokeMethod(MethodInvocationHelper.java:141)
at org.testng.internal.invokers.TestInvoker.invokeMethod(TestInvoker.java:686)
at org.testng.internal.invokers.TestInvoker.invokeTestMethod(TestInvoker.java:230)
at org.testng.internal.invokers.MethodRunner.runInSequence(MethodRunner.java:63)
at org.testng.internal.invokers.TestInvoker$MethodInvocationAgent.invoke(TestInvoker.java:992)
at org.testng.internal.invokers.TestInvoker.invokeTestMethods(TestInvoker.java:203)
at org.testng.internal.invokers.TestMethodWorker.invokeTestMethods(TestMethodWorker.java:154)
at org.testng.internal.invokers.TestMethodWorker.run(TestMethodWorker.java:134)
at java.base/java.util.ArrayList.forEach(ArrayList.java:1511)
at org.testng.TestRunner.privateRun(TestRunner.java:739)
at org.testng.TestRunner.run(TestRunner.java:614)
at org.testng.SuiteRunner.runTest(SuiteRunner.java:421)
at org.testng.SuiteRunner.runSequentially(SuiteRunner.java:413)
at org.testng.SuiteRunner.privateRun(SuiteRunner.java:373)
at org.testng.SuiteRunner.run(SuiteRunner.java:312)
at org.testng.SuiteRunnerWorker.runSuite(SuiteRunnerWorker.java:52)
at org.testng.SuiteRunnerWorker.run(SuiteRunnerWorker.java:95)
at org.testng.TestNG.runSuitesSequentially(TestNG.java:1274)
at org.testng.TestNG.runSuitesLocally(TestNG.java:1208)
at org.testng.TestNG.runSuites(TestNG.java:1112)
at org.testng.TestNG.run(TestNG.java:1079)
at org.apache.maven.surefire.testng.TestNGExecutor.run(TestNGExecutor.java:308)
at org.apache.maven.surefire.testng.TestNGXmlTestSuite.execute(TestNGXmlTestSuite.java:71)
at org.apache.maven.surefire.testng.TestNGProvider.invoke(TestNGProvider.java:113)
at org.apache.maven.surefire.booter.ForkedBooter.runSuitesInProcess(ForkedBooter.java:385)
at org.apache.maven.surefire.booter.ForkedBooter.execute(ForkedBooter.java:162)
at org.apache.maven.surefire.booter.ForkedBooter.run(ForkedBooter.java:507)
at org.apache.maven.surefire.booter.ForkedBooter.main(ForkedBooter.java:495)
]]>
            </full-stacktrace>
          </exception> <!-- java.lang.AssertionError -->
          <reporter-output>
          </reporter-output>
        </test-method> <!-- verfiyRegisterAccountWithoutProvidingAnyDetails -->
        <test-method is-config="true" signature="tearDown()[pri:0, instance:com.EcommerceProject.Qa.TestCases.RegisterAccount@393671df]" started-at="2025-01-30T12:47:03 IST" name="tearDown" finished-at="2025-01-30T12:47:05 IST" duration-ms="1343" status="PASS">
          <reporter-output>
          </reporter-output>
        </test-method> <!-- tearDown -->
      </class> <!-- com.EcommerceProject.Qa.TestCases.RegisterAccount -->
    </test> <!-- Test -->
  </suite> <!-- Suite -->
</testng-results>
